# JRE version: OpenJDK Runtime Environment Temurin-21.0.10+7 (21.0.10+7) (build 21.0.10+7-LTS)
# Java VM: OpenJDK 64-Bit Server VM Temurin-21.0.10+7 (21.0.10+7-LTS, mixed mode, sharing, tiered, compressed oops, compressed class ptrs, g1 gc, windows-amd64)
GC Precious Log:
 CardTable entry size: 512
 Card Set container configuration: InlinePtr #cards 4 size 8 Array Of Cards #cards 16 size 48 Howl #buckets 8 coarsen threshold 3686 Howl Bitmap #cards 512 size 80 coarsen threshold 460 Card regions per heap region 1 cards per card region 4096
 CPUs: 8 total, 8 available
 Memory: 8030M
 Large Page Support: Disabled
 NUMA Support: Disabled
 Compressed Oops: Enabled (Zero based)
 Heap Region Size: 2M
 Heap Min Capacity: 8M
 Heap Initial Capacity: 126M
 Heap Max Capacity: 4G
 Pre-touch: Disabled
 Parallel Workers: 8
 Concurrent Workers: 2
 Concurrent Refinement Workers: 8
 Periodic GC: Disabled
Heap:
 garbage-first heap   total 102400K, used 91619K [0x0000000700000000, 0x0000000800000000)
  region size 2048K, 27 young (55296K), 3 survivors (6144K)
 Metaspace       used 56017K, committed 57472K, reserved 1114112K
  class space    used 8142K, committed 8832K, reserved 1048576K
GC Heap History (20 events):
Event: 0.901 GC heap after
{Heap after GC invocations=1 (full 0):
 garbage-first heap   total 129024K, used 10173K [0x0000000700000000, 0x0000000800000000)
  region size 2048K, 2 young (4096K), 2 survivors (4096K)
 Metaspace       used 2968K, committed 3136K, reserved 1114112K
  class space    used 387K, committed 448K, reserved 1048576K
}
Event: 1.506 GC heap before
{Heap before GC invocations=1 (full 0):
 garbage-first heap   total 129024K, used 36797K [0x0000000700000000, 0x0000000800000000)
  region size 2048K, 16 young (32768K), 2 survivors (4096K)
 Metaspace       used 4089K, committed 4288K, reserved 1114112K
  class space    used 510K, committed 640K, reserved 1048576K
}
Event: 1.512 GC heap after
{Heap after GC invocations=2 (full 0):
 garbage-first heap   total 129024K, used 12231K [0x0000000700000000, 0x0000000800000000)
  region size 2048K, 1 young (2048K), 1 survivors (2048K)
 Metaspace       used 4089K, committed 4288K, reserved 1114112K
  class space    used 510K, committed 640K, reserved 1048576K
}
Event: 3.522 GC heap before
{Heap before GC invocations=2 (full 0):
 garbage-first heap   total 129024K, used 83911K [0x0000000700000000, 0x0000000800000000)
  region size 2048K, 37 young (75776K), 1 survivors (2048K)
 Metaspace       used 16372K, committed 16896K, reserved 1114112K
  class space    used 2371K, committed 2624K, reserved 1048576K
}
Event: 3.531 GC heap after
{Heap after GC invocations=3 (full 0):
 garbage-first heap   total 129024K, used 20563K [0x0000000700000000, 0x0000000800000000)
  region size 2048K, 5 young (10240K), 5 survivors (10240K)
 Metaspace       used 16372K, committed 16896K, reserved 1114112K
  class space    used 2371K, committed 2624K, reserved 1048576K
}
Event: 4.121 GC heap before
{Heap before GC invocations=3 (full 0):
 garbage-first heap   total 129024K, used 51283K [0x0000000700000000, 0x0000000800000000)
  region size 2048K, 21 young (43008K), 5 survivors (10240K)
 Metaspace       used 20878K, committed 21504K, reserved 1114112K
  class space    used 3137K, committed 3456K, reserved 1048576K
}
Event: 4.131 GC heap after
{Heap after GC invocations=4 (full 0):
 garbage-first heap   total 129024K, used 23144K [0x0000000700000000, 0x0000000800000000)
  region size 2048K, 2 young (4096K), 2 survivors (4096K)
 Metaspace       used 20878K, committed 21504K, reserved 1114112K
  class space    used 3137K, committed 3456K, reserved 1048576K
}
Event: 5.709 GC heap before
{Heap before GC invocations=5 (full 0):
 garbage-first heap   total 90112K, used 84584K [0x0000000700000000, 0x0000000800000000)
  region size 2048K, 33 young (67584K), 2 survivors (4096K)
 Metaspace       used 30965K, committed 32128K, reserved 1114112K
  class space    used 4565K, committed 5120K, reserved 1048576K
}
Event: 5.716 GC heap after
{Heap after GC invocations=6 (full 0):
 garbage-first heap   total 98304K, used 27793K [0x0000000700000000, 0x0000000800000000)
  region size 2048K, 4 young (8192K), 4 survivors (8192K)
 Metaspace       used 30965K, committed 32128K, reserved 1114112K
  class space    used 4565K, committed 5120K, reserved 1048576K
}
Event: 7.001 GC heap before
{Heap before GC invocations=6 (full 0):
 garbage-first heap   total 98304K, used 74897K [0x0000000700000000, 0x0000000800000000)
  region size 2048K, 26 young (53248K), 4 survivors (8192K)
 Metaspace       used 34806K, committed 35968K, reserved 1114112K
  class space    used 5004K, committed 5568K, reserved 1048576K
}
Event: 7.009 GC heap after
{Heap after GC invocations=7 (full 0):
 garbage-first heap   total 98304K, used 32129K [0x0000000700000000, 0x0000000800000000)
  region size 2048K, 3 young (6144K), 3 survivors (6144K)
 Metaspace       used 34806K, committed 35968K, reserved 1114112K
  class space    used 5004K, committed 5568K, reserved 1048576K
}
Event: 7.121 GC heap before
{Heap before GC invocations=7 (full 0):
 garbage-first heap   total 98304K, used 34177K [0x0000000700000000, 0x0000000800000000)
  region size 2048K, 5 young (10240K), 3 survivors (6144K)
 Metaspace       used 35116K, committed 36288K, reserved 1114112K
  class space    used 5043K, committed 5632K, reserved 1048576K
}
Event: 7.125 GC heap after
{Heap after GC invocations=8 (full 0):
 garbage-first heap   total 98304K, used 30919K [0x0000000700000000, 0x0000000800000000)
  region size 2048K, 2 young (4096K), 2 survivors (4096K)
 Metaspace       used 35116K, committed 36288K, reserved 1114112K
  class space    used 5043K, committed 5632K, reserved 1048576K
}
Event: 7.990 GC heap before
{Heap before GC invocations=9 (full 0):
 garbage-first heap   total 98304K, used 78023K [0x0000000700000000, 0x0000000800000000)
  region size 2048K, 26 young (53248K), 2 survivors (4096K)
 Metaspace       used 39000K, committed 40320K, reserved 1114112K
  class space    used 5553K, committed 6208K, reserved 1048576K
}
Event: 7.996 GC heap after
{Heap after GC invocations=10 (full 0):
 garbage-first heap   total 98304K, used 34039K [0x0000000700000000, 0x0000000800000000)
  region size 2048K, 4 young (8192K), 4 survivors (8192K)
 Metaspace       used 39000K, committed 40320K, reserved 1114112K
  class space    used 5553K, committed 6208K, reserved 1048576K
}
Event: 9.627 GC heap before
{Heap before GC invocations=10 (full 0):
 garbage-first heap   total 98304K, used 81143K [0x0000000700000000, 0x0000000800000000)
  region size 2048K, 27 young (55296K), 4 survivors (8192K)
 Metaspace       used 46010K, committed 47296K, reserved 1114112K
  class space    used 6914K, committed 7552K, reserved 1048576K
}
Event: 9.634 GC heap after
{Heap after GC invocations=11 (full 0):
 garbage-first heap   total 98304K, used 35155K [0x0000000700000000, 0x0000000800000000)
  region size 2048K, 3 young (6144K), 3 survivors (6144K)
 Metaspace       used 46010K, committed 47296K, reserved 1114112K
  class space    used 6914K, committed 7552K, reserved 1048576K
}
Event: 10.462 GC heap before
{Heap before GC invocations=11 (full 0):
 garbage-first heap   total 98304K, used 84307K [0x0000000700000000, 0x0000000800000000)
  region size 2048K, 27 young (55296K), 3 survivors (6144K)
 Metaspace       used 53022K, committed 54400K, reserved 1114112K
  class space    used 7792K, committed 8448K, reserved 1048576K
}
Event: 10.467 GC heap after
{Heap after GC invocations=12 (full 0):
 garbage-first heap   total 98304K, used 36323K [0x0000000700000000, 0x0000000800000000)
  region size 2048K, 3 young (6144K), 3 survivors (6144K)
 Metaspace       used 53022K, committed 54400K, reserved 1114112K
  class space    used 7792K, committed 8448K, reserved 1048576K
}
Event: 11.084 GC heap before
{Heap before GC invocations=12 (full 0):
 garbage-first heap   total 98304K, used 89571K [0x0000000700000000, 0x0000000800000000)
  region size 2048K, 27 young (55296K), 3 survivors (6144K)
 Metaspace       used 56017K, committed 57472K, reserved 1114112K
  class space    used 8142K, committed 8832K, reserved 1048576K
}

