# JRE version: Java(TM) SE Runtime Environment (8.0_481) (build 1.8.0_481-b10)
# Java VM: Java HotSpot(TM) 64-Bit Server VM (25.481-b10 mixed mode windows-amd64 compressed oops)
Heap:
 PSYoungGen      total 1342976K, used 38195K [0x000000076ab00000, 0x00000007c0000000, 0x00000007c0000000)
  eden space 1304576K, 0% used [0x000000076ab00000,0x000000076ab00000,0x00000007ba500000)
  from space 38400K, 99% used [0x00000007ba500000,0x00000007bca4cc98,0x00000007bca80000)
  to   space 50688K, 0% used [0x00000007bce80000,0x00000007bce80000,0x00000007c0000000)
 ParOldGen       total 144384K, used 93915K [0x00000006c0000000, 0x00000006c8d00000, 0x000000076ab00000)
  object space 144384K, 65% used [0x00000006c0000000,0x00000006c5bb6fe0,0x00000006c8d00000)
 Metaspace       used 104577K, capacity 108178K, committed 108760K, reserved 1148928K
  class space    used 12952K, capacity 13692K, committed 13824K, reserved 1048576K
GC Heap History (10 events):
Event: 46.923 GC heap after
Heap after GC invocations=36 (full 3):
 PSYoungGen      total 1369600K, used 0K [0x000000076ab00000, 0x00000007c0000000, 0x00000007c0000000)
  eden space 1348608K, 0% used [0x000000076ab00000,0x000000076ab00000,0x00000007bd000000)
  from space 20992K, 0% used [0x00000007bd000000,0x00000007bd000000,0x00000007be480000)
  to   space 27136K, 0% used [0x00000007be580000,0x00000007be580000,0x00000007c0000000)
 ParOldGen       total 144384K, used 61615K [0x00000006c0000000, 0x00000006c8d00000, 0x000000076ab00000)
  object space 144384K, 42% used [0x00000006c0000000,0x00000006c3c2bf20,0x00000006c8d00000)
 Metaspace       used 48164K, capacity 51044K, committed 51968K, reserved 1093632K
  class space    used 6604K, capacity 7175K, committed 7424K, reserved 1048576K
}
Event: 48.970 GC heap before
{Heap before GC invocations=37 (full 3):
 PSYoungGen      total 1369600K, used 1348608K [0x000000076ab00000, 0x00000007c0000000, 0x00000007c0000000)
  eden space 1348608K, 100% used [0x000000076ab00000,0x00000007bd000000,0x00000007bd000000)
  from space 20992K, 0% used [0x00000007bd000000,0x00000007bd000000,0x00000007be480000)
  to   space 27136K, 0% used [0x00000007be580000,0x00000007be580000,0x00000007c0000000)
 ParOldGen       total 144384K, used 61615K [0x00000006c0000000, 0x00000006c8d00000, 0x000000076ab00000)
  object space 144384K, 42% used [0x00000006c0000000,0x00000006c3c2bf20,0x00000006c8d00000)
 Metaspace       used 48164K, capacity 51044K, committed 51968K, reserved 1093632K
  class space    used 6604K, capacity 7175K, committed 7424K, reserved 1048576K
Event: 48.981 GC heap after
Heap after GC invocations=37 (full 3):
 PSYoungGen      total 1369600K, used 17114K [0x000000076ab00000, 0x00000007c0000000, 0x00000007c0000000)
  eden space 1342464K, 0% used [0x000000076ab00000,0x000000076ab00000,0x00000007bca00000)
  from space 27136K, 63% used [0x00000007be580000,0x00000007bf636890,0x00000007c0000000)
  to   space 27648K, 0% used [0x00000007bca00000,0x00000007bca00000,0x00000007be500000)
 ParOldGen       total 144384K, used 61615K [0x00000006c0000000, 0x00000006c8d00000, 0x000000076ab00000)
  object space 144384K, 42% used [0x00000006c0000000,0x00000006c3c2bf20,0x00000006c8d00000)
 Metaspace       used 48164K, capacity 51044K, committed 51968K, reserved 1093632K
  class space    used 6604K, capacity 7175K, committed 7424K, reserved 1048576K
}
Event: 55.527 GC heap before
{Heap before GC invocations=38 (full 3):
 PSYoungGen      total 1369600K, used 1359578K [0x000000076ab00000, 0x00000007c0000000, 0x00000007c0000000)
  eden space 1342464K, 100% used [0x000000076ab00000,0x00000007bca00000,0x00000007bca00000)
  from space 27136K, 63% used [0x00000007be580000,0x00000007bf636890,0x00000007c0000000)
  to   space 27648K, 0% used [0x00000007bca00000,0x00000007bca00000,0x00000007be500000)
 ParOldGen       total 144384K, used 61615K [0x00000006c0000000, 0x00000006c8d00000, 0x000000076ab00000)
  object space 144384K, 42% used [0x00000006c0000000,0x00000006c3c2bf20,0x00000006c8d00000)
 Metaspace       used 70252K, capacity 73362K, committed 73728K, reserved 1112064K
  class space    used 9526K, capacity 10156K, committed 10240K, reserved 1048576K
Event: 55.600 GC heap after
Heap after GC invocations=38 (full 3):
 PSYoungGen      total 1370112K, used 27618K [0x000000076ab00000, 0x00000007c0000000, 0x00000007c0000000)
  eden space 1342464K, 0% used [0x000000076ab00000,0x000000076ab00000,0x00000007bca00000)
  from space 27648K, 99% used [0x00000007bca00000,0x00000007be4f8a18,0x00000007be500000)
  to   space 27648K, 0% used [0x00000007be500000,0x00000007be500000,0x00000007c0000000)
 ParOldGen       total 144384K, used 100715K [0x00000006c0000000, 0x00000006c8d00000, 0x000000076ab00000)
  object space 144384K, 69% used [0x00000006c0000000,0x00000006c625aea8,0x00000006c8d00000)
 Metaspace       used 70252K, capacity 73362K, committed 73728K, reserved 1112064K
  class space    used 9526K, capacity 10156K, committed 10240K, reserved 1048576K
}
Event: 59.844 GC heap before
{Heap before GC invocations=39 (full 3):
 PSYoungGen      total 1370112K, used 349480K [0x000000076ab00000, 0x00000007c0000000, 0x00000007c0000000)
  eden space 1342464K, 23% used [0x000000076ab00000,0x000000077e551800,0x00000007bca00000)
  from space 27648K, 99% used [0x00000007bca00000,0x00000007be4f8a18,0x00000007be500000)
  to   space 27648K, 0% used [0x00000007be500000,0x00000007be500000,0x00000007c0000000)
 ParOldGen       total 144384K, used 100715K [0x00000006c0000000, 0x00000006c8d00000, 0x000000076ab00000)
  object space 144384K, 69% used [0x00000006c0000000,0x00000006c625aea8,0x00000006c8d00000)
 Metaspace       used 82875K, capacity 86292K, committed 86616K, reserved 1124352K
  class space    used 10868K, capacity 11565K, committed 11648K, reserved 1048576K
Event: 59.885 GC heap after
Heap after GC invocations=39 (full 3):
 PSYoungGen      total 1332224K, used 25889K [0x000000076ab00000, 0x00000007c0000000, 0x00000007c0000000)
  eden space 1304576K, 0% used [0x000000076ab00000,0x000000076ab00000,0x00000007ba500000)
  from space 27648K, 93% used [0x00000007be500000,0x00000007bfe48668,0x00000007c0000000)
  to   space 46592K, 0% used [0x00000007ba500000,0x00000007ba500000,0x00000007bd280000)
 ParOldGen       total 144384K, used 127944K [0x00000006c0000000, 0x00000006c8d00000, 0x000000076ab00000)
  object space 144384K, 88% used [0x00000006c0000000,0x00000006c7cf2220,0x00000006c8d00000)
 Metaspace       used 82875K, capacity 86292K, committed 86616K, reserved 1124352K
  class space    used 10868K, capacity 11565K, committed 11648K, reserved 1048576K
}
Event: 59.885 GC heap before
{Heap before GC invocations=40 (full 4):
 PSYoungGen      total 1332224K, used 25889K [0x000000076ab00000, 0x00000007c0000000, 0x00000007c0000000)
  eden space 1304576K, 0% used [0x000000076ab00000,0x000000076ab00000,0x00000007ba500000)
  from space 27648K, 93% used [0x00000007be500000,0x00000007bfe48668,0x00000007c0000000)
  to   space 46592K, 0% used [0x00000007ba500000,0x00000007ba500000,0x00000007bd280000)
 ParOldGen       total 144384K, used 127944K [0x00000006c0000000, 0x00000006c8d00000, 0x000000076ab00000)
  object space 144384K, 88% used [0x00000006c0000000,0x00000006c7cf2220,0x00000006c8d00000)
 Metaspace       used 82875K, capacity 86292K, committed 86616K, reserved 1124352K
  class space    used 10868K, capacity 11565K, committed 11648K, reserved 1048576K
Event: 60.125 GC heap after
Heap after GC invocations=40 (full 4):
 PSYoungGen      total 1332224K, used 0K [0x000000076ab00000, 0x00000007c0000000, 0x00000007c0000000)
  eden space 1304576K, 0% used [0x000000076ab00000,0x000000076ab00000,0x00000007ba500000)
  from space 27648K, 0% used [0x00000007be500000,0x00000007be500000,0x00000007c0000000)
  to   space 46592K, 0% used [0x00000007ba500000,0x00000007ba500000,0x00000007bd280000)
 ParOldGen       total 144384K, used 93907K [0x00000006c0000000, 0x00000006c8d00000, 0x000000076ab00000)
  object space 144384K, 65% used [0x00000006c0000000,0x00000006c5bb4fe0,0x00000006c8d00000)
 Metaspace       used 82875K, capacity 86292K, committed 86616K, reserved 1124352K
  class space    used 10868K, capacity 11565K, committed 11648K, reserved 1048576K
}
Event: 68.769 GC heap before
{Heap before GC invocations=41 (full 4):
 PSYoungGen      total 1332224K, used 455857K [0x000000076ab00000, 0x00000007c0000000, 0x00000007c0000000)
  eden space 1304576K, 34% used [0x000000076ab00000,0x000000078682c608,0x00000007ba500000)
  from space 27648K, 0% used [0x00000007be500000,0x00000007be500000,0x00000007c0000000)
  to   space 46592K, 0% used [0x00000007ba500000,0x00000007ba500000,0x00000007bd280000)
 ParOldGen       total 144384K, used 93907K [0x00000006c0000000, 0x00000006c8d00000, 0x000000076ab00000)
  object space 144384K, 65% used [0x00000006c0000000,0x00000006c5bb4fe0,0x00000006c8d00000)
 Metaspace       used 104577K, capacity 108178K, committed 108760K, reserved 1148928K
  class space    used 12952K, capacity 13692K, committed 13824K, reserved 1048576K

